2015-11-11 10:06:28,470:470.149040222 - ubuntu_sso.utils.translation - WARNING - Translations not found, using null translator.
2015-11-11 10:06:28,665:665.61794281 - ubuntu_sso.main - INFO - Setting up Ubuntu SSO service.
2015-11-11 10:06:28,748:748.018026352 - ubuntu_sso.main - INFO - Ubuntu SSO service started.
2015-11-11 10:06:28,748:748.419046402 - ubuntu_sso.account - INFO - Creating a new SSO access layer for service url u'https://login.ubuntu.com/api/1.0/'
2015-11-11 10:06:28,771:771.379947662 - ubuntu_sso.credentials - INFO - find_credentials: self.app_name dbus.String(u'Ubuntu One'), result is {}? True
2015-11-11 10:06:28,771:771.58498764 - ubuntu_sso.main - INFO - 'CredentialsManagement': emitting 'CredentialsNotFound' with args (dbus.String(u'Ubuntu One'),) and kwargs {}
2015-11-11 10:06:38,772:772.485017776 - ubuntu_sso.main - INFO - Shutting down, calling <function shutdown_func at 0x7fc85fb5db90>.
2015-11-11 10:14:51,781:781.753063202 - ubuntu_sso.utils.translation - WARNING - Translations not found, using null translator.
2015-11-11 10:14:51,807:807.193994522 - ubuntu_sso.main - INFO - Setting up Ubuntu SSO service.
2015-11-11 10:14:51,817:817.56401062 - ubuntu_sso.main - INFO - Ubuntu SSO service started.
2015-11-11 10:14:51,817:817.744016647 - ubuntu_sso.account - INFO - Creating a new SSO access layer for service url u'https://login.ubuntu.com/api/1.0/'
2015-11-11 10:14:51,825:825.378894806 - ubuntu_sso.credentials - INFO - find_credentials: self.app_name dbus.String(u'Ubuntu One'), result is {}? True
2015-11-11 10:14:51,825:825.531959534 - ubuntu_sso.main - INFO - 'CredentialsManagement': emitting 'CredentialsNotFound' with args (dbus.String(u'Ubuntu One'),) and kwargs {}
2015-11-11 10:15:01,836:836.06004715 - ubuntu_sso.main - INFO - Shutting down, calling <function shutdown_func at 0x7f15afd8eb90>.
2015-11-11 10:19:52,063:63.8430118561 - ubuntu_sso.utils.translation - WARNING - Translations not found, using null translator.
2015-11-11 10:19:52,080:80.0919532776 - ubuntu_sso.main - INFO - Setting up Ubuntu SSO service.
2015-11-11 10:19:52,085:85.2689743042 - ubuntu_sso.main - INFO - Ubuntu SSO service started.
2015-11-11 10:19:52,085:85.5948925018 - ubuntu_sso.account - INFO - Creating a new SSO access layer for service url u'https://login.ubuntu.com/api/1.0/'
2015-11-11 10:19:52,092:92.7450656891 - ubuntu_sso.credentials - INFO - find_credentials: self.app_name dbus.String(u'Ubuntu One'), result is {}? True
2015-11-11 10:19:52,092:92.9419994354 - ubuntu_sso.main - INFO - 'CredentialsManagement': emitting 'CredentialsNotFound' with args (dbus.String(u'Ubuntu One'),) and kwargs {}
2015-11-11 10:20:02,094:94.1309928894 - ubuntu_sso.main - INFO - Shutting down, calling <function shutdown_func at 0x7f9435900b90>.
2015-11-11 10:24:52,048:48.6350059509 - ubuntu_sso.utils.translation - WARNING - Translations not found, using null translator.
2015-11-11 10:24:52,067:67.351102829 - ubuntu_sso.main - INFO - Setting up Ubuntu SSO service.
2015-11-11 10:24:52,075:75.6270885468 - ubuntu_sso.main - INFO - Ubuntu SSO service started.
2015-11-11 10:24:52,075:75.8209228516 - ubuntu_sso.account - INFO - Creating a new SSO access layer for service url u'https://login.ubuntu.com/api/1.0/'
2015-11-11 10:24:52,083:83.2231044769 - ubuntu_sso.credentials - INFO - find_credentials: self.app_name dbus.String(u'Ubuntu One'), result is {}? True
2015-11-11 10:24:52,083:83.6400985718 - ubuntu_sso.main - INFO - 'CredentialsManagement': emitting 'CredentialsNotFound' with args (dbus.String(u'Ubuntu One'),) and kwargs {}
2015-11-11 10:25:02,094:94.997882843 - ubuntu_sso.main - INFO - Shutting down, calling <function shutdown_func at 0x7f881a696b90>.
2015-11-11 11:11:27,469:469.115972519 - ubuntu_sso.utils.translation - WARNING - Translations not found, using null translator.
2015-11-11 11:11:27,499:499.825954437 - ubuntu_sso.main - INFO - Setting up Ubuntu SSO service.
2015-11-11 11:11:27,568:568.075895309 - ubuntu_sso.main - INFO - Ubuntu SSO service started.
2015-11-11 11:11:27,568:568.284988403 - ubuntu_sso.account - INFO - Creating a new SSO access layer for service url u'https://login.ubuntu.com/api/1.0/'
2015-11-11 11:11:27,577:577.949047089 - ubuntu_sso.credentials - INFO - find_credentials: self.app_name dbus.String(u'Ubuntu One'), result is {}? True
2015-11-11 11:11:27,578:578.120946884 - ubuntu_sso.main - INFO - 'CredentialsManagement': emitting 'CredentialsNotFound' with args (dbus.String(u'Ubuntu One'),) and kwargs {}
2015-11-11 11:11:36,034:34.3399047852 - ubuntu_sso.credentials - INFO - find_credentials: self.app_name dbus.String(u'Ubuntu One'), result is {}? True
2015-11-11 11:11:36,034:34.5621109009 - ubuntu_sso.main - INFO - 'CredentialsManagement': emitting 'CredentialsNotFound' with args (dbus.String(u'Ubuntu One'),) and kwargs {}
2015-11-11 11:11:37,580:580.174922943 - ubuntu_sso.main - INFO - Shutting down, calling <function shutdown_func at 0x7f8fe7c63b90>.
2015-11-11 11:13:25,367:367.999076843 - ubuntu_sso.utils.translation - WARNING - Translations not found, using null translator.
2015-11-11 11:13:25,392:392.045021057 - ubuntu_sso.main - INFO - Setting up Ubuntu SSO service.
2015-11-11 11:13:25,425:425.335884094 - ubuntu_sso.main - INFO - Ubuntu SSO service started.
2015-11-11 11:13:25,425:425.503015518 - ubuntu_sso.account - INFO - Creating a new SSO access layer for service url u'https://login.ubuntu.com/api/1.0/'
2015-11-11 11:13:25,437:437.633037567 - ubuntu_sso.credentials - INFO - find_credentials: self.app_name dbus.String(u'Ubuntu One'), result is {}? True
2015-11-11 11:13:25,437:437.915086746 - ubuntu_sso.main - INFO - 'CredentialsManagement': emitting 'CredentialsNotFound' with args (dbus.String(u'Ubuntu One'),) and kwargs {}
2015-11-11 11:13:31,524:524.705886841 - ubuntu_sso.credentials - INFO - find_credentials: self.app_name dbus.String(u'Ubuntu One'), result is {}? True
2015-11-11 11:13:31,524:524.919033051 - ubuntu_sso.main - INFO - 'CredentialsManagement': emitting 'CredentialsNotFound' with args (dbus.String(u'Ubuntu One'),) and kwargs {}
2015-11-11 11:13:35,439:439.757108688 - ubuntu_sso.main - INFO - Shutting down, calling <function shutdown_func at 0x7f93afed6b90>.
2015-11-11 11:17:45,074:74.2099285126 - ubuntu_sso.utils.translation - WARNING - Translations not found, using null translator.
2015-11-11 11:17:45,107:107.533931732 - ubuntu_sso.main - INFO - Setting up Ubuntu SSO service.
2015-11-11 11:17:45,147:147.135972977 - ubuntu_sso.main - INFO - Ubuntu SSO service started.
2015-11-11 11:17:45,147:147.316932678 - ubuntu_sso.account - INFO - Creating a new SSO access layer for service url u'https://login.ubuntu.com/api/1.0/'
2015-11-11 11:17:45,156:156.168937683 - ubuntu_sso.credentials - INFO - find_credentials: self.app_name dbus.String(u'Ubuntu One'), result is {}? True
2015-11-11 11:17:45,156:156.430006027 - ubuntu_sso.main - INFO - 'CredentialsManagement': emitting 'CredentialsNotFound' with args (dbus.String(u'Ubuntu One'),) and kwargs {}
2015-11-11 11:17:55,176:176.440954208 - ubuntu_sso.main - INFO - Shutting down, calling <function shutdown_func at 0x7f4798581b90>.
2015-11-11 11:22:45,845:845.261096954 - ubuntu_sso.utils.translation - WARNING - Translations not found, using null translator.
2015-11-11 11:22:45,871:871.37389183 - ubuntu_sso.main - INFO - Setting up Ubuntu SSO service.
2015-11-11 11:22:45,885:885.16998291 - ubuntu_sso.main - INFO - Ubuntu SSO service started.
2015-11-11 11:22:45,885:885.360002518 - ubuntu_sso.account - INFO - Creating a new SSO access layer for service url u'https://login.ubuntu.com/api/1.0/'
2015-11-11 11:22:45,895:895.15209198 - ubuntu_sso.credentials - INFO - find_credentials: self.app_name dbus.String(u'Ubuntu One'), result is {}? True
2015-11-11 11:22:45,897:897.347927094 - ubuntu_sso.main - INFO - 'CredentialsManagement': emitting 'CredentialsNotFound' with args (dbus.String(u'Ubuntu One'),) and kwargs {}
2015-11-11 11:22:55,904:904.181957245 - ubuntu_sso.main - INFO - Shutting down, calling <function shutdown_func at 0x7f175e3fbb90>.
2015-11-11 11:27:45,723:723.345041275 - ubuntu_sso.utils.translation - WARNING - Translations not found, using null translator.
2015-11-11 11:27:45,738:738.675117493 - ubuntu_sso.main - INFO - Setting up Ubuntu SSO service.
2015-11-11 11:27:45,744:744.59195137 - ubuntu_sso.main - INFO - Ubuntu SSO service started.
2015-11-11 11:27:45,744:744.760036469 - ubuntu_sso.account - INFO - Creating a new SSO access layer for service url u'https://login.ubuntu.com/api/1.0/'
2015-11-11 11:27:45,752:752.687931061 - ubuntu_sso.credentials - INFO - find_credentials: self.app_name dbus.String(u'Ubuntu One'), result is {}? True
2015-11-11 11:27:45,752:752.846956253 - ubuntu_sso.main - INFO - 'CredentialsManagement': emitting 'CredentialsNotFound' with args (dbus.String(u'Ubuntu One'),) and kwargs {}
2015-11-11 11:27:55,754:754.585981369 - ubuntu_sso.main - INFO - Shutting down, calling <function shutdown_func at 0x7fc6e326ab90>.
2015-11-11 11:42:12,098:98.8390445709 - ubuntu_sso.utils.translation - WARNING - Translations not found, using null translator.
2015-11-11 11:42:12,132:132.575035095 - ubuntu_sso.main - INFO - Setting up Ubuntu SSO service.
2015-11-11 11:42:12,143:143.537998199 - ubuntu_sso.main - INFO - Ubuntu SSO service started.
2015-11-11 11:42:12,143:143.719911575 - ubuntu_sso.account - INFO - Creating a new SSO access layer for service url u'https://login.ubuntu.com/api/1.0/'
2015-11-11 11:42:12,150:150.470018387 - ubuntu_sso.credentials - INFO - find_credentials: self.app_name dbus.String(u'Ubuntu One'), result is {}? True
2015-11-11 11:42:12,150:150.614976883 - ubuntu_sso.main - INFO - 'CredentialsManagement': emitting 'CredentialsNotFound' with args (dbus.String(u'Ubuntu One'),) and kwargs {}
2015-11-11 11:42:22,161:161.384105682 - ubuntu_sso.main - INFO - Shutting down, calling <function shutdown_func at 0x7faa97568b90>.
2015-11-17 11:44:58,418:418.945074081 - ubuntu_sso.utils.translation - WARNING - Translations not found, using null translator.
2015-11-17 11:44:58,703:703.394889832 - ubuntu_sso.main - INFO - Setting up Ubuntu SSO service.
2015-11-17 11:44:58,815:815.352916718 - ubuntu_sso.main - INFO - Ubuntu SSO service started.
2015-11-17 11:44:58,815:815.540075302 - ubuntu_sso.account - INFO - Creating a new SSO access layer for service url u'https://login.ubuntu.com/api/1.0/'
2015-11-17 11:44:58,841:841.912031174 - ubuntu_sso.credentials - INFO - find_credentials: self.app_name dbus.String(u'Ubuntu One'), result is {}? True
2015-11-17 11:44:58,842:842.123985291 - ubuntu_sso.main - INFO - 'CredentialsManagement': emitting 'CredentialsNotFound' with args (dbus.String(u'Ubuntu One'),) and kwargs {}
2015-11-17 11:45:08,850:850.534915924 - ubuntu_sso.main - INFO - Shutting down, calling <function shutdown_func at 0x7f47a949db90>.
2015-11-17 11:49:59,294:294.331073761 - ubuntu_sso.utils.translation - WARNING - Translations not found, using null translator.
2015-11-17 11:49:59,310:310.496091843 - ubuntu_sso.main - INFO - Setting up Ubuntu SSO service.
2015-11-17 11:49:59,317:317.337989807 - ubuntu_sso.main - INFO - Ubuntu SSO service started.
2015-11-17 11:49:59,317:317.493915558 - ubuntu_sso.account - INFO - Creating a new SSO access layer for service url u'https://login.ubuntu.com/api/1.0/'
2015-11-17 11:49:59,327:327.32796669 - ubuntu_sso.credentials - INFO - find_credentials: self.app_name dbus.String(u'Ubuntu One'), result is {}? True
2015-11-17 11:49:59,327:327.584028244 - ubuntu_sso.main - INFO - 'CredentialsManagement': emitting 'CredentialsNotFound' with args (dbus.String(u'Ubuntu One'),) and kwargs {}
2015-11-17 11:50:09,333:333.041906357 - ubuntu_sso.main - INFO - Shutting down, calling <function shutdown_func at 0x7f431d6b5b90>.
2015-11-17 11:53:12,881:881.211042404 - ubuntu_sso.utils.translation - WARNING - Translations not found, using null translator.
2015-11-17 11:53:12,983:983.92701149 - ubuntu_sso.main - INFO - Setting up Ubuntu SSO service.
2015-11-17 11:53:13,001:1.84106826782 - ubuntu_sso.main - INFO - Ubuntu SSO service started.
2015-11-17 11:53:13,002:2.06208229065 - ubuntu_sso.account - INFO - Creating a new SSO access layer for service url u'https://login.ubuntu.com/api/1.0/'
2015-11-17 11:53:13,012:12.7880573273 - ubuntu_sso.credentials - INFO - find_credentials: self.app_name dbus.String(u'Ubuntu One'), result is {}? True
2015-11-17 11:53:13,012:12.9990577698 - ubuntu_sso.main - INFO - 'CredentialsManagement': emitting 'CredentialsNotFound' with args (dbus.String(u'Ubuntu One'),) and kwargs {}
2015-11-17 11:53:18,229:229.927062988 - ubuntu_sso.credentials - INFO - find_credentials: self.app_name dbus.String(u'Ubuntu One'), result is {}? True
2015-11-17 11:53:18,230:230.142116547 - ubuntu_sso.main - INFO - 'CredentialsManagement': emitting 'CredentialsNotFound' with args (dbus.String(u'Ubuntu One'),) and kwargs {}
2015-11-17 11:53:23,014:14.543056488 - ubuntu_sso.main - INFO - Shutting down, calling <function shutdown_func at 0x7f20c278cb90>.
2015-11-17 11:55:00,669:669.131994247 - ubuntu_sso.utils.translation - WARNING - Translations not found, using null translator.
2015-11-17 11:55:00,863:863.667011261 - ubuntu_sso.main - INFO - Setting up Ubuntu SSO service.
2015-11-17 11:55:01,020:20.9109783173 - ubuntu_sso.main - INFO - Ubuntu SSO service started.
2015-11-17 11:55:01,021:21.1000442505 - ubuntu_sso.account - INFO - Creating a new SSO access layer for service url u'https://login.ubuntu.com/api/1.0/'
2015-11-17 11:55:01,038:38.1569862366 - ubuntu_sso.credentials - INFO - find_credentials: self.app_name dbus.String(u'Ubuntu One'), result is {}? True
2015-11-17 11:55:01,038:38.3679866791 - ubuntu_sso.main - INFO - 'CredentialsManagement': emitting 'CredentialsNotFound' with args (dbus.String(u'Ubuntu One'),) and kwargs {}
2015-11-17 11:55:11,048:48.3329296112 - ubuntu_sso.main - INFO - Shutting down, calling <function shutdown_func at 0x7fc7338c4b90>.
2015-12-16 09:15:11,770:770.447969437 - ubuntu_sso.utils.translation - WARNING - Translations not found, using null translator.
2015-12-16 09:15:11,938:938.925981522 - ubuntu_sso.main - INFO - Setting up Ubuntu SSO service.
2015-12-16 09:15:12,084:84.1829776764 - ubuntu_sso.main - INFO - Ubuntu SSO service started.
2015-12-16 09:15:12,084:84.3288898468 - ubuntu_sso.account - INFO - Creating a new SSO access layer for service url u'https://login.ubuntu.com/api/1.0/'
2015-12-16 09:15:12,098:98.3459949493 - ubuntu_sso.credentials - INFO - find_credentials: self.app_name dbus.String(u'Ubuntu One'), result is {}? True
2015-12-16 09:15:12,098:98.494052887 - ubuntu_sso.main - INFO - 'CredentialsManagement': emitting 'CredentialsNotFound' with args (dbus.String(u'Ubuntu One'),) and kwargs {}
2015-12-16 09:15:22,108:108.115911484 - ubuntu_sso.main - INFO - Shutting down, calling <function shutdown_func at 0x7f07bdd9bb90>.
2015-12-16 09:20:13,022:22.1059322357 - ubuntu_sso.utils.translation - WARNING - Translations not found, using null translator.
2015-12-16 09:20:13,037:37.0330810547 - ubuntu_sso.main - INFO - Setting up Ubuntu SSO service.
2015-12-16 09:20:13,042:42.3009395599 - ubuntu_sso.main - INFO - Ubuntu SSO service started.
2015-12-16 09:20:13,042:42.4981117249 - ubuntu_sso.account - INFO - Creating a new SSO access layer for service url u'https://login.ubuntu.com/api/1.0/'
2015-12-16 09:20:13,059:59.1371059418 - ubuntu_sso.credentials - INFO - find_credentials: self.app_name dbus.String(u'Ubuntu One'), result is {}? True
2015-12-16 09:20:13,059:59.3349933624 - ubuntu_sso.main - INFO - 'CredentialsManagement': emitting 'CredentialsNotFound' with args (dbus.String(u'Ubuntu One'),) and kwargs {}
2015-12-16 09:20:23,069:69.8509216309 - ubuntu_sso.main - INFO - Shutting down, calling <function shutdown_func at 0x7f63ef714b90>.
2015-12-16 09:30:09,002:2.5839805603 - ubuntu_sso.utils.translation - WARNING - Translations not found, using null translator.
2015-12-16 09:30:09,015:15.9640312195 - ubuntu_sso.main - INFO - Setting up Ubuntu SSO service.
2015-12-16 09:30:09,020:20.7629203796 - ubuntu_sso.main - INFO - Ubuntu SSO service started.
2015-12-16 09:30:09,020:20.8880901337 - ubuntu_sso.account - INFO - Creating a new SSO access layer for service url u'https://login.ubuntu.com/api/1.0/'
2015-12-16 09:30:09,026:26.918888092 - ubuntu_sso.credentials - INFO - find_credentials: self.app_name dbus.String(u'Ubuntu One'), result is {}? True
2015-12-16 09:30:09,027:27.055978775 - ubuntu_sso.main - INFO - 'CredentialsManagement': emitting 'CredentialsNotFound' with args (dbus.String(u'Ubuntu One'),) and kwargs {}
2015-12-16 09:30:19,029:29.7689437866 - ubuntu_sso.main - INFO - Shutting down, calling <function shutdown_func at 0x7fe4cc257b90>.
2015-12-18 10:07:40,677:677.284955978 - ubuntu_sso.utils.translation - WARNING - Translations not found, using null translator.
2015-12-18 10:07:40,900:900.006055832 - ubuntu_sso.main - INFO - Setting up Ubuntu SSO service.
2015-12-18 10:07:41,022:22.5949287415 - ubuntu_sso.main - INFO - Ubuntu SSO service started.
2015-12-18 10:07:41,022:22.8281021118 - ubuntu_sso.account - INFO - Creating a new SSO access layer for service url u'https://login.ubuntu.com/api/1.0/'
2015-12-18 10:07:41,041:41.4969921112 - ubuntu_sso.credentials - INFO - find_credentials: self.app_name dbus.String(u'Ubuntu One'), result is {}? True
2015-12-18 10:07:41,041:41.6419506073 - ubuntu_sso.main - INFO - 'CredentialsManagement': emitting 'CredentialsNotFound' with args (dbus.String(u'Ubuntu One'),) and kwargs {}
2015-12-18 10:07:51,054:54.0480613708 - ubuntu_sso.main - INFO - Shutting down, calling <function shutdown_func at 0x7f6d80c64b90>.
2015-12-23 09:35:20,746:746.932029724 - ubuntu_sso.utils.translation - WARNING - Translations not found, using null translator.
2015-12-23 09:35:21,477:477.672100067 - ubuntu_sso.main - INFO - Setting up Ubuntu SSO service.
2015-12-23 09:35:22,050:50.6238937378 - ubuntu_sso.main - INFO - Ubuntu SSO service started.
2015-12-23 09:35:22,050:50.8251190186 - ubuntu_sso.account - INFO - Creating a new SSO access layer for service url u'https://login.ubuntu.com/api/1.0/'
2015-12-23 09:35:22,166:166.127920151 - ubuntu_sso.credentials - INFO - find_credentials: self.app_name dbus.String(u'Ubuntu One'), result is {}? True
2015-12-23 09:35:22,166:166.472911835 - ubuntu_sso.main - INFO - 'CredentialsManagement': emitting 'CredentialsNotFound' with args (dbus.String(u'Ubuntu One'),) and kwargs {}
2015-12-23 09:35:32,220:220.524072647 - ubuntu_sso.main - INFO - Shutting down, calling <function shutdown_func at 0x7f20103adb90>.
2015-12-23 09:40:22,597:597.587108612 - ubuntu_sso.utils.translation - WARNING - Translations not found, using null translator.
2015-12-23 09:40:22,610:610.75592041 - ubuntu_sso.main - INFO - Setting up Ubuntu SSO service.
2015-12-23 09:40:22,614:614.132881165 - ubuntu_sso.main - INFO - Ubuntu SSO service started.
2015-12-23 09:40:22,614:614.253997803 - ubuntu_sso.account - INFO - Creating a new SSO access layer for service url u'https://login.ubuntu.com/api/1.0/'
2015-12-23 09:40:22,620:620.187044144 - ubuntu_sso.credentials - INFO - find_credentials: self.app_name dbus.String(u'Ubuntu One'), result is {}? True
2015-12-23 09:40:22,620:620.312929153 - ubuntu_sso.main - INFO - 'CredentialsManagement': emitting 'CredentialsNotFound' with args (dbus.String(u'Ubuntu One'),) and kwargs {}
2015-12-23 09:40:32,630:630.598068237 - ubuntu_sso.main - INFO - Shutting down, calling <function shutdown_func at 0x7f238a420b90>.
2016-06-29 08:01:08,198:198.023080826 - ubuntu_sso.utils.translation - WARNING - Translations not found, using null translator.
2016-06-29 08:01:08,393:393.19896698 - ubuntu_sso.main - INFO - Setting up Ubuntu SSO service.
2016-06-29 08:01:08,486:486.308097839 - ubuntu_sso.main - INFO - Ubuntu SSO service started.
2016-06-29 08:01:08,486:486.423015594 - ubuntu_sso.account - INFO - Creating a new SSO access layer for service url u'https://login.ubuntu.com/api/1.0/'
2016-06-29 08:01:08,513:513.981103897 - ubuntu_sso.credentials - INFO - find_credentials: self.app_name dbus.String(u'Ubuntu One'), result is {}? True
2016-06-29 08:01:08,514:514.118909836 - ubuntu_sso.main - INFO - 'CredentialsManagement': emitting 'CredentialsNotFound' with args (dbus.String(u'Ubuntu One'),) and kwargs {}
2016-06-29 08:01:18,537:537.74189949 - ubuntu_sso.main - INFO - Shutting down, calling <function shutdown_func at 0x7f651c11eb90>.
2016-06-29 08:06:09,204:204.669952393 - ubuntu_sso.utils.translation - WARNING - Translations not found, using null translator.
2016-06-29 08:06:09,215:215.503931046 - ubuntu_sso.main - INFO - Setting up Ubuntu SSO service.
2016-06-29 08:06:09,219:219.691038132 - ubuntu_sso.main - INFO - Ubuntu SSO service started.
2016-06-29 08:06:09,219:219.779014587 - ubuntu_sso.account - INFO - Creating a new SSO access layer for service url u'https://login.ubuntu.com/api/1.0/'
2016-06-29 08:06:09,224:224.543094635 - ubuntu_sso.credentials - INFO - find_credentials: self.app_name dbus.String(u'Ubuntu One'), result is {}? True
2016-06-29 08:06:09,224:224.644899368 - ubuntu_sso.main - INFO - 'CredentialsManagement': emitting 'CredentialsNotFound' with args (dbus.String(u'Ubuntu One'),) and kwargs {}
2016-06-29 08:06:19,226:226.834058762 - ubuntu_sso.main - INFO - Shutting down, calling <function shutdown_func at 0x7fed00336b90>.
2016-07-07 13:52:58,451:451.689958572 - ubuntu_sso.utils.translation - WARNING - Translations not found, using null translator.
2016-07-07 13:52:58,645:645.611047745 - ubuntu_sso.main - INFO - Setting up Ubuntu SSO service.
2016-07-07 13:52:58,746:746.752023697 - ubuntu_sso.main - INFO - Ubuntu SSO service started.
2016-07-07 13:52:58,746:746.866941452 - ubuntu_sso.account - INFO - Creating a new SSO access layer for service url u'https://login.ubuntu.com/api/1.0/'
2016-07-07 13:52:58,759:759.346008301 - ubuntu_sso.credentials - INFO - find_credentials: self.app_name dbus.String(u'Ubuntu One'), result is {}? True
2016-07-07 13:52:58,759:759.465932846 - ubuntu_sso.main - INFO - 'CredentialsManagement': emitting 'CredentialsNotFound' with args (dbus.String(u'Ubuntu One'),) and kwargs {}
2016-07-07 13:53:08,778:778.461933136 - ubuntu_sso.main - INFO - Shutting down, calling <function shutdown_func at 0x7ffa7073ab90>.
2016-07-07 13:57:59,280:280.945062637 - ubuntu_sso.utils.translation - WARNING - Translations not found, using null translator.
2016-07-07 13:57:59,291:291.193008423 - ubuntu_sso.main - INFO - Setting up Ubuntu SSO service.
2016-07-07 13:57:59,295:295.595884323 - ubuntu_sso.main - INFO - Ubuntu SSO service started.
2016-07-07 13:57:59,295:295.690059662 - ubuntu_sso.account - INFO - Creating a new SSO access layer for service url u'https://login.ubuntu.com/api/1.0/'
2016-07-07 13:57:59,300:300.132036209 - ubuntu_sso.credentials - INFO - find_credentials: self.app_name dbus.String(u'Ubuntu One'), result is {}? True
2016-07-07 13:57:59,300:300.221920013 - ubuntu_sso.main - INFO - 'CredentialsManagement': emitting 'CredentialsNotFound' with args (dbus.String(u'Ubuntu One'),) and kwargs {}
2016-07-07 13:58:09,309:309.947967529 - ubuntu_sso.main - INFO - Shutting down, calling <function shutdown_func at 0x7f5082429b90>.
2016-07-28 10:15:06,734:734.203100204 - ubuntu_sso.utils.translation - WARNING - Translations not found, using null translator.
2016-07-28 10:15:06,936:936.099052429 - ubuntu_sso.main - INFO - Setting up Ubuntu SSO service.
2016-07-28 10:15:07,028:28.7680625916 - ubuntu_sso.main - INFO - Ubuntu SSO service started.
2016-07-28 10:15:07,028:28.9969444275 - ubuntu_sso.account - INFO - Creating a new SSO access layer for service url u'https://login.ubuntu.com/api/1.0/'
2016-07-28 10:15:07,037:37.7368927002 - ubuntu_sso.credentials - INFO - find_credentials: self.app_name dbus.String(u'Ubuntu One'), result is {}? True
2016-07-28 10:15:07,037:37.8530025482 - ubuntu_sso.main - INFO - 'CredentialsManagement': emitting 'CredentialsNotFound' with args (dbus.String(u'Ubuntu One'),) and kwargs {}
2016-07-28 10:15:17,055:55.3159713745 - ubuntu_sso.main - INFO - Shutting down, calling <function shutdown_func at 0x7fb8cbde0b90>.
2016-07-28 10:20:07,668:668.426036835 - ubuntu_sso.utils.translation - WARNING - Translations not found, using null translator.
2016-07-28 10:20:07,680:680.092096329 - ubuntu_sso.main - INFO - Setting up Ubuntu SSO service.
2016-07-28 10:20:07,683:683.320045471 - ubuntu_sso.main - INFO - Ubuntu SSO service started.
2016-07-28 10:20:07,683:683.418989182 - ubuntu_sso.account - INFO - Creating a new SSO access layer for service url u'https://login.ubuntu.com/api/1.0/'
2016-07-28 10:20:07,691:691.565036774 - ubuntu_sso.credentials - INFO - find_credentials: self.app_name dbus.String(u'Ubuntu One'), result is {}? True
2016-07-28 10:20:07,691:691.709041595 - ubuntu_sso.main - INFO - 'CredentialsManagement': emitting 'CredentialsNotFound' with args (dbus.String(u'Ubuntu One'),) and kwargs {}
2016-07-28 10:20:17,698:698.610067368 - ubuntu_sso.main - INFO - Shutting down, calling <function shutdown_func at 0x7f3a9fdf3b90>.
2016-07-28 10:27:04,645:645.391941071 - ubuntu_sso.utils.translation - WARNING - Translations not found, using null translator.
2016-07-28 10:27:04,656:656.141996384 - ubuntu_sso.main - INFO - Setting up Ubuntu SSO service.
2016-07-28 10:27:04,659:659.559011459 - ubuntu_sso.main - INFO - Ubuntu SSO service started.
2016-07-28 10:27:04,659:659.651994705 - ubuntu_sso.account - INFO - Creating a new SSO access layer for service url u'https://login.ubuntu.com/api/1.0/'
2016-07-28 10:27:04,664:664.026975632 - ubuntu_sso.credentials - INFO - find_credentials: self.app_name dbus.String(u'Ubuntu One'), result is {}? True
2016-07-28 10:27:04,664:664.118051529 - ubuntu_sso.main - INFO - 'CredentialsManagement': emitting 'CredentialsNotFound' with args (dbus.String(u'Ubuntu One'),) and kwargs {}
2016-07-28 10:27:14,674:674.145936966 - ubuntu_sso.main - INFO - Shutting down, calling <function shutdown_func at 0x7f7e2901eb90>.
2016-08-04 08:13:33,678:678.716897964 - ubuntu_sso.utils.translation - WARNING - Translations not found, using null translator.
2016-08-04 08:13:33,820:820.241928101 - ubuntu_sso.main - INFO - Setting up Ubuntu SSO service.
2016-08-04 08:13:33,898:898.845911026 - ubuntu_sso.main - INFO - Ubuntu SSO service started.
2016-08-04 08:13:33,898:898.964881897 - ubuntu_sso.account - INFO - Creating a new SSO access layer for service url u'https://login.ubuntu.com/api/1.0/'
2016-08-04 08:13:33,904:904.190063477 - ubuntu_sso.credentials - INFO - find_credentials: self.app_name dbus.String(u'Ubuntu One'), result is {}? True
2016-08-04 08:13:33,904:904.285907745 - ubuntu_sso.main - INFO - 'CredentialsManagement': emitting 'CredentialsNotFound' with args (dbus.String(u'Ubuntu One'),) and kwargs {}
2016-08-04 08:13:40,754:754.931926727 - ubuntu_sso.credentials - INFO - find_credentials: self.app_name dbus.String(u'Ubuntu One'), result is {}? True
2016-08-04 08:13:40,755:755.072116852 - ubuntu_sso.main - INFO - 'CredentialsManagement': emitting 'CredentialsNotFound' with args (dbus.String(u'Ubuntu One'),) and kwargs {}
2016-08-04 08:13:43,910:910.888910294 - ubuntu_sso.main - INFO - Shutting down, calling <function shutdown_func at 0x7fc89a305b90>.
2016-08-04 08:23:36,084:84.4700336456 - ubuntu_sso.utils.translation - WARNING - Translations not found, using null translator.
2016-08-04 08:23:36,095:95.2210426331 - ubuntu_sso.main - INFO - Setting up Ubuntu SSO service.
2016-08-04 08:23:36,099:99.8771190643 - ubuntu_sso.main - INFO - Ubuntu SSO service started.
2016-08-04 08:23:36,099:99.9789237976 - ubuntu_sso.account - INFO - Creating a new SSO access layer for service url u'https://login.ubuntu.com/api/1.0/'
2016-08-04 08:23:36,104:104.44688797 - ubuntu_sso.credentials - INFO - find_credentials: self.app_name dbus.String(u'Ubuntu One'), result is {}? True
2016-08-04 08:23:36,104:104.538917542 - ubuntu_sso.main - INFO - 'CredentialsManagement': emitting 'CredentialsNotFound' with args (dbus.String(u'Ubuntu One'),) and kwargs {}
2016-11-28 07:32:53,304:304.483890533 - ubuntu_sso.utils.translation - WARNING - Translations not found, using null translator.
2016-11-28 07:32:53,375:375.431060791 - ubuntu_sso.main - INFO - Setting up Ubuntu SSO service.
2016-11-28 07:32:53,420:420.239925385 - ubuntu_sso.main - INFO - Ubuntu SSO service started.
2016-11-28 07:32:53,421:421.071052551 - ubuntu_sso.account - INFO - Creating a new SSO access layer for service url u'https://login.ubuntu.com/api/1.0/'
2016-11-28 07:32:53,440:440.315961838 - ubuntu_sso.credentials - INFO - find_credentials: self.app_name dbus.String(u'Ubuntu One'), result is {}? True
2016-11-28 07:32:53,440:440.834999084 - ubuntu_sso.main - INFO - 'CredentialsManagement': emitting 'CredentialsNotFound' with args (dbus.String(u'Ubuntu One'),) and kwargs {}
2016-11-28 07:33:03,452:452.845096588 - ubuntu_sso.main - INFO - Shutting down, calling <function shutdown_func at 0x7f549765ab90>.
2016-12-03 02:47:58,826:826.598882675 - ubuntu_sso.utils.translation - WARNING - Translations not found, using null translator.
2016-12-03 02:47:58,953:953.325033188 - ubuntu_sso.main - INFO - Setting up Ubuntu SSO service.
2016-12-03 02:47:59,001:1.0130405426 - ubuntu_sso.main - INFO - Ubuntu SSO service started.
2016-12-03 02:47:59,001:1.2218952179 - ubuntu_sso.account - INFO - Creating a new SSO access layer for service url u'https://login.ubuntu.com/api/1.0/'
2016-12-03 02:47:59,012:12.0530128479 - ubuntu_sso.credentials - INFO - find_credentials: self.app_name dbus.String(u'Ubuntu One'), result is {}? True
2016-12-03 02:47:59,012:12.2859477997 - ubuntu_sso.main - INFO - 'CredentialsManagement': emitting 'CredentialsNotFound' with args (dbus.String(u'Ubuntu One'),) and kwargs {}
2016-12-03 02:48:07,624:624.28689003 - ubuntu_sso.credentials - INFO - find_credentials: self.app_name dbus.String(u'Ubuntu One'), result is {}? True
2016-12-03 02:48:07,624:624.471902847 - ubuntu_sso.main - INFO - 'CredentialsManagement': emitting 'CredentialsNotFound' with args (dbus.String(u'Ubuntu One'),) and kwargs {}
2016-12-03 02:48:09,016:16.7820453644 - ubuntu_sso.main - INFO - Shutting down, calling <function shutdown_func at 0x7ff8e71d3b90>.
