2015-11-17T11:58:31 Checking update-file '/usr/share/kde4/apps/kconf_update/kded.upd' for new updates
2015-11-17T11:58:31 kded.upd: Found new update 'kde3.0'
2015-11-17T11:58:31 kded.upd: File 'kdedrc' does not exist or empty, skipping
2015-11-17T11:58:31 Checking update-file '/usr/share/kde4/apps/kconf_update/kioslave.upd' for new updates
2015-11-17T11:58:31 kioslave.upd: Found new update 'kde2.2/r1'
2015-11-17T11:58:31 kioslave.upd: File 'kioslaverc' does not exist or empty, skipping
2015-11-17T11:58:31 kioslave.upd: Skipping update 'kde2.2/r1'
2015-11-17T11:58:31 kioslave.upd: File 'kioslaverc' does not exist or empty, skipping
2015-11-17T11:58:31 kioslave.upd: Found new update 'kde2.2/r2'
2015-11-17T11:58:31 kioslave.upd: File 'kioslaverc' does not exist or empty, skipping
2015-11-17T11:58:31 kioslave.upd: Found new update 'kde2.2/r3'
2015-11-17T11:58:31 kioslave.upd: File 'kioslaverc' does not exist or empty, skipping
2015-11-17T11:58:31 Checking update-file '/usr/share/kde4/apps/kconf_update/kuriikwsfilter.upd' for new updates
2015-11-17T11:58:31 kuriikwsfilter.upd: Found new update 'post-kde3.1/cvs'
2015-11-17T11:58:31 kuriikwsfilter.upd: File 'kuriikwsfilterrc' does not exist or empty, skipping
2015-11-17T11:58:31 kuriikwsfilter.upd: Found new update 'pre-kde4.9'
2015-11-17T11:58:31 kuriikwsfilter.upd: File 'kuriikwsfilterrc' does not exist or empty, skipping
2015-11-17T11:58:31 Checking update-file '/usr/share/kde4/apps/kconf_update/ksslcertificatemanager.upd' for new updates
2015-11-17T11:58:31 ksslcertificatemanager.upd: Found new update 'kde4.2'
2015-11-17T11:58:31 ksslcertificatemanager.upd: Running script 'ksslcertificatemanager.upd.sh'
2015-11-17T11:58:31 [Script] rm: cannot remove ‘/home/developer/.kde//share/config/ksslcertificatemanager’: No such file or directory
2015-11-17T11:58:31 ksslcertificatemanager.upd: !! An error occurred while running 'sh /usr/share/kde4/apps/kconf_update/ksslcertificatemanager.upd.sh'
2015-11-17T11:58:31 Checking update-file '/usr/share/kde4/apps/kconf_update/devicepreference.upd' for new updates
2015-11-17T11:58:31 devicepreference.upd: Found new update 'DevicesMovedToPlatformPlugin'
2015-11-17T11:58:31 devicepreference.upd: Running script 'phonon_devicepreference_update'
2015-11-17T11:58:31 devicepreference.upd: Found new update 'DevicesUIDsChanged'
2015-11-17T11:58:31 devicepreference.upd: Running script 'phonon_deviceuids_update'
2015-11-17T11:58:31 Checking update-file '/usr/share/kde4/apps/kconf_update/kio_help.upd' for new updates
2015-11-17T11:58:31 kio_help.upd: Found new update 'kde3_2'
2015-11-17T11:58:31 kio_help.upd: Running script 'move_kio_help_cache.sh'
2015-11-17T11:58:31 [Script] mv: cannot stat ‘/home/developer/.kde/share/apps/kio_help/cache’: No such file or directory
2015-11-17T11:58:31 [Script] rmdir: failed to remove ‘/home/developer/.kde/share/apps/kio_help’: No such file or directory
2015-11-17T11:58:31 Checking update-file '/usr/share/kde4/apps/kconf_update/kcookiescfg.upd' for new updates
2015-11-17T11:58:31 kcookiescfg.upd: Found new update 'kde2.2/b1'
2015-11-17T11:58:31 kcookiescfg.upd: File 'kcookiejarrc' does not exist or empty, skipping
2015-11-17T11:58:31 kcookiescfg.upd: Found new update 'kde3.1/cvs'
2015-11-17T11:58:31 kcookiescfg.upd: File 'kcookiejarrc' does not exist or empty, skipping
2015-11-17T11:58:31 kcookiescfg.upd: Found new update 'kde4.10/git'
2015-11-17T11:58:31 kcookiescfg.upd: File 'kcookiejarrc' does not exist or empty, skipping
2015-11-17T11:58:31 Checking update-file '/usr/share/kde4/apps/kconf_update/kwallet-4.13.upd' for new updates
2015-11-17T11:58:31 kwallet-4.13.upd: Found new update 'kde4.13'
2015-11-17T11:58:31 kwallet-4.13.upd: File 'kwalletrc' does not exist or empty, skipping
2015-11-17T11:58:31 Checking update-file '/usr/share/kde4/apps/kconf_update/drkonqi-rename-config-section.upd' for new updates
2015-11-17T11:58:31 drkonqi-rename-config-section.upd: Found new update 'kde-4.11'
2015-11-17T11:58:31 drkonqi-rename-config-section.upd: File 'drkonqirc' does not exist or empty, skipping
2015-11-17T11:58:31 Checking update-file '/usr/share/kde4/apps/kconf_update/kate-2.4.upd' for new updates
2015-11-17T11:58:31 kate-2.4.upd: Found new update 'kate2.4'
